<?xml version="1.0" encoding="UTF-8"?>
<robot generator="Robot 3.2.2 (Python 3.6.0 on win32)" generated="20210126 14:09:28.546" rpa="false">
<suite id="s1" name="Test" source="D:\sereneo\livrables_robot\test.robot">
<test id="s1-t1" name="TC_001_Get_Request">
<kw name="Create Session" library="RequestsLibrary">
<doc>Create Session: create a HTTP session to a server</doc>
<arguments>
<arg>Get_Student_Details</arg>
<arg>${Base_URL}</arg>
</arguments>
<msg timestamp="20210126 14:09:28.900" level="INFO">Creating Session using : alias=Get_Student_Details, url=http://thetestingworldapi.com/, headers={},                     cookies={}, auth=None, timeout=None, proxies=None, verify=False,                     debug=0 </msg>
<status status="PASS" starttime="20210126 14:09:28.900" endtime="20210126 14:09:28.900"></status>
</kw>
<kw name="Get Request" library="RequestsLibrary">
<doc>*DEPRECATED* Please use `GET On Session` instead.</doc>
<arguments>
<arg>Get_Student_Details</arg>
<arg>api/studentsDetails</arg>
</arguments>
<assign>
<var>${response}</var>
</assign>
<msg timestamp="20210126 14:09:28.901" level="WARN">Keyword 'RequestsLibrary.Get Request' is deprecated. Please use `GET On Session` instead.</msg>
<msg timestamp="20210126 14:09:30.275" level="INFO">GET Request : url=http://thetestingworldapi.com//api/studentsDetails 
 path_url=//api/studentsDetails 
 headers={'User-Agent': 'python-requests/2.23.0', 'Accept-Encoding': 'gzip, deflate', 'Accept': '*/*', 'Connection': 'keep-alive'} 
 body=None 
 </msg>
<msg timestamp="20210126 14:09:30.276" level="INFO">GET Response : url=http://thetestingworldapi.com//api/studentsDetails 
 status=200, reason=OK 
 headers={'Cache-Control': 'no-cache', 'Pragma': 'no-cache', 'Content-Type': 'application/json; charset=utf-8', 'Expires': '-1', 'Server': 'Microsoft-IIS/8.5', 'X-AspNet-Version': '4.0.30319', 'X-Powered-By': 'ASP.NET', 'X-Powered-By-Plesk': 'PleskWin', 'Date': 'Tue, 26 Jan 2021 13:09:28 GMT', 'Content-Length': '507894'} 
 body=[{"id":113,"first_name":"testFN","middle_name":"testMN","last_name":"testLN","date_of_birth":"22/2/20"},{"id":115,"first_name":"testFN","middle_name":"testMN","last_name":"testLN","date_of_birth":"22/2/20"},{"id":116,"first_name":"{{fist_name}}","middle_name":"{{middle_name}}","last_name":"{{last_name}}","date_of_birth":"{{date_of_birth}}"},{"id":117,"first_name":"{{fist_name}}","middle_name":"{{middle_name}}","last_name":"{{last_name}}","date_of_birth":"{{date_of_birth}}"},{"id":118,"first_name":"{{fist_name}}","middle_name":"{{middle_name}}","last_name":"{{last_name}}","date_of_birth":"{{date_of_birth}}"},{"id":119,"first_name":"{{fist_name}}","middle_name":"{{middle_name}}","last_name":"{{last_name}}","date_of_birth":"{{date_of_birth}}"},{"id":120,"first_name":"{{fist_name}}","middle_name":"{{middle_name}}","last_name":"{{last_name}}","date_of_birth":"{{date_of_birth}}"},{"id":121,"first_name":"{{fist_name}}","middle_name":"{{middle_name}}","last_name":"{{last_name}}","date_of_birth":"{{date_of_birth}}"},{"id":123,"first_name":"Nadiezhda","middle_name":"Ivanovna","last_name":"Reshetova","date_of_birth":"20/02/2000"},{"id":124,"first_name":"{{fist_name}}","middle_name":"{{middle_name}}","last_name":"{{last_name}}","date_of_birth":"{{date_of_birth}}"},{"id":126,"first_name":"{{fist_name}}","middle_name":"{{middle_name}}","last_name":"{{last_name}}","date_of_birth":"{{date_of_birth}}"},{"id":129,"first_name":"Tavant","middle_name":"Middle_Name","last_name":"Last_Name","date_of_birth":"DOB"},{"id":130,"first_name":"testing","middle_name":"none","last_name":"world","date_of_birth":"20/08/1999"},{"id":131,"first_name":"testing","middle_name":"none","last_name":"world","date_of_birth":"20/08/1999"},{"id":132,"first_name":"Leonardo","middle_name":null,"last_name":"Paso","date_of_birth":null},{"id":134,"first_name":null,"middle_name":null,"last_name":null,"date_of_birth":null},{"id":138,"first_name":"testing","middle_name":"none","last_name":"world","date_of_birth":"20/08/1899"},{"id":139,"first_name":"testing","middle_name":"none","last_name":"world","date_of_birth":"20/08/1999"},{"id":140,"first_name":"testing","middle_name":"none","last_name":"world","date_of_birth":"20/08/1999"},{"id":141,"first_name":"testing","middle_name":"none","last_name":"world","date_of_birth":"20/08/1999"},{"id":142,"first_name":"testing","middle_name":"none","last_name":"world","date_of_birth":"20/08/1999"},{"id":143,"first_name":"Egor","middle_name":"Kuzmich","last_name":"Legachev","date_of_birth":"05/05/1971"},{"id":144,"first_name":"testing","middle_name":"none","last_name":"world","date_of_birth":"20/08/1999"},{"id":145,"first_name":"testing","middle_name":"none","last_name":"world","date_of_birth":"20/08/1999"},{"id":146,"first_name":"testing","middle_name":"none","last_name":"world","date_of_birth":"20/08/1999"},{"id":147,"first_name":"testing","middle_name":"none","last_name":"world","date_of_birth":"20/08/1999"},{"id":148,"first_name":"testing","middle_name":"none","last_name":"world","date_of_birth":"20/08/1999"},{"id":149,"first_name":"testing","middle_name":"none","last_name":"world","date_of_birth":"20/08/1999"},{"id":150,"first_name":"testing","middle_name":"none","last_name":"world","date_of_birth":"20/08/1999"},{"id":151,"first_name":"testing","middle_name":"none","last_name":"world","date_of_birth":"20/08/1999"},{"id":152,"first_name":"testing","middle_name":"none","last_name":"world","date_of_birth":"20/08/1999"},{"id":153,"first_name":"testing","middle_name":"none","last_name":"world","date_of_birth":"20/08/1999"},{"id":154,"first_name":"testing","middle_name":"none","last_name":"world","date_of_birth":"20/08/1999"},{"id":155,"first_name":"testing","middle_name":"none","last_name":"world","date_of_birth":"20/08/1999"},{"id":156,"first_name":"{{fist_name}}","middle_name":"{{middle_name}}","last_name":"{{last_name}}","date_of_birth":"{{date_of_birth}}"},{"id":157,"first_name":"testing","middle_name":"none","last_name":"world","date_of_birth":"20/08/1999"},{"id":158,"first_name":"testing","middle_name":"none","last_name":"world","date_of_birth":"20/08/1999"},{"id":159,"first_name":"testing","middle_name":"none","last_name":"world","date_of_birth":"20/08/1999"},{"id":160,"first_name":"testing","middle_name":"none","last_name":"world","date_of_birth":"20/08/1999"},{"id":161,"first_name":"Testing","middle_name":"New","last_name":"API Rest","date_of_birth":"12/12/1990"},{"id":162,"first_name":"testing","middle_name":"none","last_name":"world","date_of_birth":"20/08/1999"},{"id":163,"first_name":"{{fist_name}}","middle_name":"{{middle_name}}","last_name":"{{last_name}}","date_of_birth":"{{date_of_birth}}"},{"id":164,"first_name":"sample string 2","middle_name":"sample string 3","last_name":"sample string 4","date_of_birth":"sample string 5"},{"id":165,"first_name":"sample string 2","middle_name":"sample string 3","last_name":"sample string 4","date_of_birth":"sample string 5"},{"id":166,"first_name":"{{fist_name}}","middle_name":"{{middle_name}}","last_name":"{{last_name}}","date_of_birth":"{{date_of_birth}}"},{"id":167,"first_name":"sample string 2","middle_name":"sample string 3","last_name":"sample string 4","date_of_birth":"sample string 5"},{"id":168,"first_name":"sample string 2","middle_name":"sample string 3","last_name":"sample string 4","date_of_birth":"sample string 5"},{"id":170,"first_name":"Virendra","middle_name":"B","last_name":"Vala","date_of_birth":"31/07/1990"},{"id":171,"first_name":"Virendra","middle_name":"B","last_name":"Vala","date_of_birth":"31/07/1990"},{"id":172,"first_name":"Virendra","middle_name":"B","last_name":"Vala","date_of_birth":"31/07/1990"},{"id":173,"first_name":"Virendra","middle_name":"B","last_name":"Vala","date_of_birth":"31/07/1990"},{"id":174,"first_name":"Virendra","middle_name":"B","last_name":"Vala","date_of_birth":"31/07/1990"},{"id":175,"first_name":"Virendra","middle_name":"B","last_name":"Vala","date_of_birth":"31/07/1990"},{"id":176,"first_name":"{{fist_name}}","middle_name":"{{middle_name}}","last_name":"{{last_name}}","date_of_birth":"{{date_of_birth}}"},{"id":177,"first_name":"Testing","middle_name":"M","last_name":"World","date_of_birth":"12/12/2000"},{"id":178,"first_name":"Testing","middle_name":"M","last_name":"World","date_of_birth":"12/12/2000"},{"id":179,"first_name":"Testing","middle_name":"M","last_name":"World","date_of_birth":"12/12/2000"},{"id":180,"first_name":"Satya","middle_name":"sample string 3","last_name":"Cavisson","date_of_birth":"NA"},{"id":181,"first_name":"Satya","middle_name":"sample string 3","last_name":"Cavisson","date_of_birth":"NA"},{"id":182,"first_name":"kotaro","middle_name":"akaasheeeee","last_name":"bokuto","date_of_birth":"1/1/1991"},{"id":183,"first_name":"Vikas","middle_name":"sample string 3","last_name":"Cavisson","date_of_birth":"NA"},{"id":184,"first_name":"Kunal","middle_name":"sample string 3","last_name":"Cavisson","date_of_birth":"NA"},{"id":185,"first_name":"Satya","middle_name":"sample string 3","last_name":"Cavisson","date_of_birth":"NA"},{"id":186,"first_name":"Sumit","middle_name":"sample string 3","last_name":"Cavisson","date_of_birth":"NA"},{"id":187,"first_name":"Vikas","middle_name":"sample string 3","last_name":"Cavisson","date_of_birth":"NA"},{"id":188,"first_name":"Kunal","middle_name":"sample string 3","last_name":"Cavisson","date_of_birth":"NA"},{"id":189,"first_name":"Satya","middle_name":"sample string 3","last_name":"Cavisson","date_of_birth":"NA"},{"id":190,"first_name":"Sumit","middle_name":"sample string 3","last_name":"Cavisson","date_of_birth":"NA"},{"id":191,"first_name":"Vikas","middle_name":"sample string 3","last_name":"Cavisson","date_of_birth":"NA"},{"id":192,"first_name":"Kunal","middle_name":"sample string 3","last_name":"Cavisson","date_of_birth":"NA"},{"id":193,"first_name":"{{fist_name}}","middle_name":"{{middle_name}}","last_name":"{{last_name}}","date_of_birth":"{{date_of_birth}}"},{"id":196,"first_name":"testing","middle_name":"none","last_name":"world","date_of_birth":"20/08/1999"},{"id":197,"first_name":"testing","middle_name":"none","last_name":"world","date_of_birth":"20/08/1999"},{"id":198,"first_name":"testing","middle_name":"none","last_name":"world","date_of_birth":"20/08/1999"},{"id":199,"first_name":"{{fist_name}}","middle_name":"{{middle_name}}","last_name":"{{last_name}}","date_of_birth":"{{date_of_birth}}"},{"id":200,"first_name":"{{fist_name}}","middle_name":"{{middle_name}}","last_name":"{{last_name}}","date_of_birth":"{{date_of_birth}}"},{"id":202,"first_name":"Hello","middle_name":"K.","last_name":"Gorgeous","date_of_birth":"12/12/1990"},{"id":203,"first_name":"Hello","middle_name":"K.","last_name":"Gorgeous","date_of_birth":"12/12/1990"},{"id":204,"first_name":"Hello","middle_name":"K.","last_name":"Gorgeous","date_of_birth":"12/12/1990"},{"id":205,"first_name":"Hello","middle_name":"K.","last_name":"Gorgeous","date_of_birth":"12/12/1990"},{"id":206,"first_name":"Hello","middle_name":"K.","last_name":"Gorgeous","date_of_birth":"12/12/1990"},{"id":207,"first_name":"Hello","middle_name":"K.","last_name":"Gorgeous","date_of_birth":"12/12/1990"},{"id":208,"first_name":"Ampaipan","middle_name":"Lk","last_name":"Uasi","date_of_birth":"01/01/1999"},{"id":209,"first_name":"ABCDEFGH","middle_name":"ABCDD","last_name":"XYZ12344","date_of_birth":"01/09/2022"},{"id":210,"first_name":"Hello","middle_name":"K.","last_name":"Gorgeous","date_of_birth":"12/12/1990"},{"id":211,"first_name":"Hello","middle_name":"K.","last_name":"Gorgeous","date_of_birth":"12/12/1990"},{"id":212,"first_name":"Hello","middle_name":"K.","last_name":"Gorgeous","date_of_birth":"12/12/1990"},{"id":213,"first_name":"Nan","middle_name":"Fah","last_name":"Phoon","date_of_birth":"12/12/1990"},{"id":214,"first_name":"Ampaipan","middle_name":"Lk","last_name":"Uasi","date_of_birth":"01/01/1999"},{"id":215,"first_name":"Hello","middle_name":"K.","last_name":"Gorgeous","date_of_birth":"12/12/1990"},{"id":216,"first_name":... (set the log level to DEBUG or TRACE to see the full content) 
 </msg>
<msg timestamp="20210126 14:09:30.277" level="INFO">${response} = &lt;Response [200]&gt;</msg>
<status status="PASS" starttime="20210126 14:09:28.901" endtime="20210126 14:09:30.277"></status>
</kw>
<kw name="Log To Console" library="BuiltIn">
<doc>Logs the given message to the console.</doc>
<arguments>
<arg>${response.status_code}</arg>
</arguments>
<status status="PASS" starttime="20210126 14:09:30.278" endtime="20210126 14:09:30.279"></status>
</kw>
<kw name="Convert To String" library="BuiltIn">
<doc>Converts the given item to a Unicode string.</doc>
<arguments>
<arg>${response.status_code}</arg>
</arguments>
<assign>
<var>${status_code}</var>
</assign>
<msg timestamp="20210126 14:09:30.280" level="INFO">${status_code} = 200</msg>
<status status="PASS" starttime="20210126 14:09:30.279" endtime="20210126 14:09:30.280"></status>
</kw>
<kw name="Should Be Equal" library="BuiltIn">
<doc>Fails if the given objects are unequal.</doc>
<arguments>
<arg>${status_code}</arg>
<arg>200</arg>
</arguments>
<status status="PASS" starttime="20210126 14:09:30.280" endtime="20210126 14:09:30.280"></status>
</kw>
<status status="PASS" starttime="20210126 14:09:28.899" endtime="20210126 14:09:30.281" critical="yes"></status>
</test>
<status status="PASS" starttime="20210126 14:09:28.549" endtime="20210126 14:09:30.286"></status>
</suite>
<statistics>
<total>
<stat pass="1" fail="0">Critical Tests</stat>
<stat pass="1" fail="0">All Tests</stat>
</total>
<tag>
</tag>
<suite>
<stat pass="1" fail="0" id="s1" name="Test">Test</stat>
</suite>
</statistics>
<errors>
<msg timestamp="20210126 14:09:28.901" level="WARN">Keyword 'RequestsLibrary.Get Request' is deprecated. Please use `GET On Session` instead.</msg>
</errors>
</robot>
