<?xml version="1.0" encoding="UTF-8"?>
<robot generator="Robot 3.2.2 (Python 3.6.0 on win32)" generated="20210131 19:41:00.433" rpa="false">
<suite id="s1" name="testAutoItLib old" source="D:\sereneo\livrables_robot\testAutoItLib_old.robot">
<test id="s1-t1" name="TC_001_Upload_file">
<kw name=" Go to tinyupload">
<kw name="Open Browser" library="SeleniumLibrary">
<doc>Opens a new browser instance to the optional ``url``.</doc>
<arguments>
<arg>${url}</arg>
<arg>${browser}</arg>
</arguments>
<msg timestamp="20210131 19:41:00.691" level="INFO">Opening browser 'chrome' to base url 'http://tinyupload.com/'.</msg>
<status status="PASS" starttime="20210131 19:41:00.691" endtime="20210131 19:41:05.229"></status>
</kw>
<status status="PASS" starttime="20210131 19:41:00.690" endtime="20210131 19:41:05.230"></status>
</kw>
<kw name="Get WebElement" library="SeleniumLibrary">
<doc>Returns the first WebElement matching the given ``locator``.</doc>
<arguments>
<arg>name=uploaded_file</arg>
</arguments>
<assign>
<var>${elem}</var>
</assign>
<msg timestamp="20210131 19:41:05.256" level="INFO">${elem} = &lt;selenium.webdriver.remote.webelement.WebElement (session="d2acc796a4472bdced3f3d9497c111a9", element="83fcb62d-5211-43a4-8b56-00b65ba786a8")&gt;</msg>
<status status="PASS" starttime="20210131 19:41:05.231" endtime="20210131 19:41:05.256"></status>
</kw>
<kw name=" Get jsElement">
<assign>
<var>${elemJavaScript}</var>
</assign>
<kw name="Execute Javascript" library="SeleniumLibrary">
<doc>Executes the given JavaScript code with possible arguments.</doc>
<arguments>
<arg>return window.document.getElementsByName('uploaded_file')[0];</arg>
</arguments>
<assign>
<var>${element}</var>
</assign>
<msg timestamp="20210131 19:41:05.259" level="INFO">Executing JavaScript:
return window.document.getElementsByName('uploaded_file')[0];
Without any arguments.</msg>
<msg timestamp="20210131 19:41:05.267" level="INFO">${element} = &lt;selenium.webdriver.remote.webelement.WebElement (session="d2acc796a4472bdced3f3d9497c111a9", element="83fcb62d-5211-43a4-8b56-00b65ba786a8")&gt;</msg>
<status status="PASS" starttime="20210131 19:41:05.258" endtime="20210131 19:41:05.267"></status>
</kw>
<msg timestamp="20210131 19:41:05.267" level="INFO">${elemJavaScript} = &lt;selenium.webdriver.remote.webelement.WebElement (session="d2acc796a4472bdced3f3d9497c111a9", element="83fcb62d-5211-43a4-8b56-00b65ba786a8")&gt;</msg>
<status status="PASS" starttime="20210131 19:41:05.257" endtime="20210131 19:41:05.267"></status>
</kw>
<kw name="Log To Console" library="BuiltIn">
<doc>Logs the given message to the console.</doc>
<arguments>
<arg>${elem}</arg>
</arguments>
<status status="PASS" starttime="20210131 19:41:05.268" endtime="20210131 19:41:05.270"></status>
</kw>
<kw name="Wait Until Page Contains" library="SeleniumLibrary">
<doc>Waits until ``text`` appears on the current page.</doc>
<arguments>
<arg>${text}</arg>
</arguments>
<status status="PASS" starttime="20210131 19:41:05.271" endtime="20210131 19:41:05.287"></status>
</kw>
<kw name="Click Element" library="SeleniumLibrary">
<doc>Click the element identified by ``locator``.</doc>
<arguments>
<arg>xpath://input[@name="uploaded_file"]</arg>
<arg>CTRL</arg>
<arg>action_chain=False</arg>
</arguments>
<msg timestamp="20210131 19:41:05.292" level="INFO">Clicking element 'xpath://input[@name="uploaded_file"]' with CTRL.</msg>
<status status="PASS" starttime="20210131 19:41:05.291" endtime="20210131 19:41:05.616"></status>
</kw>
<kw name="Execute AutoIt" library="test">
<assign>
<var>${result}</var>
</assign>
<msg timestamp="20210131 19:41:05.617" level="WARN">Execute process</msg>
<msg timestamp="20210131 19:41:12.229" level="INFO">${result} = None</msg>
<status status="PASS" starttime="20210131 19:41:05.617" endtime="20210131 19:41:12.229"></status>
</kw>
<kw name="Click Element" library="SeleniumLibrary">
<doc>Click the element identified by ``locator``.</doc>
<arguments>
<arg>xpath://img[@src="images/button_upload.gif"]</arg>
<arg>CTRL</arg>
<arg>action_chain=False</arg>
</arguments>
<msg timestamp="20210131 19:41:12.236" level="INFO">Clicking element 'xpath://img[@src="images/button_upload.gif"]' with CTRL.</msg>
<status status="PASS" starttime="20210131 19:41:12.234" endtime="20210131 19:41:19.689"></status>
</kw>
<kw name="Execute Js Code" library="test">
<status status="PASS" starttime="20210131 19:41:19.690" endtime="20210131 19:41:19.700"></status>
</kw>
<status status="PASS" starttime="20210131 19:41:00.689" endtime="20210131 19:41:19.701" critical="yes"></status>
</test>
<status status="PASS" starttime="20210131 19:41:00.434" endtime="20210131 19:41:19.704"></status>
</suite>
<statistics>
<total>
<stat pass="1" fail="0">Critical Tests</stat>
<stat pass="1" fail="0">All Tests</stat>
</total>
<tag>
</tag>
<suite>
<stat pass="1" fail="0" id="s1" name="testAutoItLib old">testAutoItLib old</stat>
</suite>
</statistics>
<errors>
<msg timestamp="20210131 19:41:05.617" level="WARN">Execute process</msg>
</errors>
</robot>
